2016-09-29 13:15:40,342 [Thread-3:140062396303104] [blog.views:81] [views:archive] [ERROR]- unsupported operand type(s) for +: 'NoneType' and 'str'
2016-09-29 13:15:40,462 [Thread-4:140062396303104] [blog.views:81] [views:archive] [ERROR]- unsupported operand type(s) for +: 'NoneType' and 'str'
2016-09-29 13:16:19,273 [Thread-7:140062396303104] [blog.views:264] [views:do_login] [ERROR]- Reverse for '' with arguments '()' and keyword arguments '{}' not found. 0 pattern(s) tried: []
2016-09-29 13:16:37,243 [Thread-9:140062396303104] [blog.views:264] [views:do_login] [ERROR]- Reverse for '' with arguments '()' and keyword arguments '{}' not found. 0 pattern(s) tried: []
2016-09-29 13:35:05,270 [Thread-31:139684730722048] [blog.views:264] [views:do_login] [ERROR]- Reverse for '' with arguments '()' and keyword arguments '{}' not found. 0 pattern(s) tried: []
2016-11-03 11:17:48,111 [Thread-86:139834157594368] [blog.views:81] [views:archive] [ERROR]- getPage() takes exactly 2 arguments (1 given)
2016-11-03 11:17:48,197 [Thread-87:139834157594368] [blog.views:81] [views:archive] [ERROR]- unsupported operand type(s) for +: 'NoneType' and 'str'
2016-11-03 11:17:53,677 [Thread-88:139834157594368] [blog.views:94] [views:tag] [ERROR]- get() returned more than one Tag -- it returned 3!
2016-11-03 11:17:53,762 [Thread-89:139834157594368] [blog.views:94] [views:tag] [ERROR]- Tag matching query does not exist.
2016-11-03 11:17:54,931 [Thread-90:139834157594368] [blog.views:94] [views:tag] [ERROR]- get() returned more than one Tag -- it returned 3!
2016-11-03 11:17:55,024 [Thread-91:139834157594368] [blog.views:94] [views:tag] [ERROR]- Tag matching query does not exist.
2016-11-03 11:24:40,087 [Thread-26:139702731011840] [blog.views:94] [views:tag] [ERROR]- getPage() takes exactly 2 arguments (1 given)
2016-11-03 11:24:40,211 [Thread-27:139702731011840] [blog.views:94] [views:tag] [ERROR]- Tag matching query does not exist.
2016-11-03 11:24:41,894 [Thread-28:139702731011840] [blog.views:94] [views:tag] [ERROR]- getPage() takes exactly 2 arguments (1 given)
2016-11-03 11:24:41,979 [Thread-29:139702731011840] [blog.views:94] [views:tag] [ERROR]- Tag matching query does not exist.
2016-11-03 11:26:45,057 [Thread-84:139702703212288] [blog.views:81] [views:archive] [ERROR]- getPage() takes exactly 2 arguments (1 given)
2016-11-03 11:26:45,150 [Thread-85:139702703212288] [blog.views:81] [views:archive] [ERROR]- unsupported operand type(s) for +: 'NoneType' and 'str'
2016-11-03 13:41:50,179 [Thread-83:139986003293952] [blog.views:264] [views:do_login] [ERROR]- Reverse for '' with arguments '()' and keyword arguments '{}' not found. 0 pattern(s) tried: []
2016-11-03 13:47:24,869 [Thread-87:139986003293952] [blog.views:232] [views:do_reg] [ERROR]- Reverse for '' with arguments '()' and keyword arguments '{}' not found. 0 pattern(s) tried: []
2016-11-03 13:47:45,706 [Thread-89:139986003293952] [blog.views:264] [views:do_login] [ERROR]- Reverse for '' with arguments '()' and keyword arguments '{}' not found. 0 pattern(s) tried: []
2016-11-03 13:50:48,175 [Thread-137:139986003293952] [blog.views:81] [views:archive] [ERROR]- getPage() takes exactly 2 arguments (1 given)
2016-11-03 13:50:48,276 [Thread-138:139986003293952] [blog.views:81] [views:archive] [ERROR]- unsupported operand type(s) for +: 'NoneType' and 'str'
2016-11-03 13:50:50,673 [Thread-139:139986003293952] [blog.views:81] [views:archive] [ERROR]- getPage() takes exactly 2 arguments (1 given)
2016-11-03 13:50:50,759 [Thread-140:139986003293952] [blog.views:81] [views:archive] [ERROR]- unsupported operand type(s) for +: 'NoneType' and 'str'
2016-11-03 15:14:47,951 [Thread-110:140501250172672] [blog.views:81] [views:archive] [ERROR]- getPage() takes exactly 2 arguments (1 given)
2016-11-03 15:14:48,052 [Thread-111:140501250172672] [blog.views:81] [views:archive] [ERROR]- unsupported operand type(s) for +: 'NoneType' and 'str'
2016-11-03 15:17:38,396 [Thread-122:140501250172672] [blog.views:94] [views:tag] [ERROR]- getPage() takes exactly 2 arguments (1 given)
2016-11-03 15:17:38,498 [Thread-123:140501250172672] [blog.views:94] [views:tag] [ERROR]- Tag matching query does not exist.
2016-11-03 15:17:40,900 [Thread-124:140501250172672] [blog.views:94] [views:tag] [ERROR]- getPage() takes exactly 2 arguments (1 given)
2016-11-03 15:17:40,989 [Thread-125:140501250172672] [blog.views:94] [views:tag] [ERROR]- Tag matching query does not exist.
2016-11-03 15:17:42,719 [Thread-126:140501250172672] [blog.views:94] [views:tag] [ERROR]- getPage() takes exactly 2 arguments (1 given)
2016-11-03 15:17:42,808 [Thread-127:140501250172672] [blog.views:94] [views:tag] [ERROR]- Tag matching query does not exist.
2016-11-03 15:17:45,789 [Thread-129:140501250172672] [blog.views:94] [views:tag] [ERROR]- getPage() takes exactly 2 arguments (1 given)
2016-11-03 15:17:45,935 [Thread-130:140501250172672] [blog.views:94] [views:tag] [ERROR]- Tag matching query does not exist.
2016-11-03 15:50:11,150 [Thread-157:140501230503680] [blog.views:94] [views:tag] [ERROR]- getPage() takes exactly 2 arguments (1 given)
2016-11-03 15:50:11,237 [Thread-158:140501230503680] [blog.views:94] [views:tag] [ERROR]- Tag matching query does not exist.
2016-11-03 15:52:29,528 [Thread-161:140501230503680] [blog.views:94] [views:tag] [ERROR]- getPage() takes exactly 2 arguments (1 given)
2016-11-03 15:52:29,610 [Thread-162:140501230503680] [blog.views:94] [views:tag] [ERROR]- Tag matching query does not exist.
2016-11-03 15:58:12,683 [Thread-226:140501238896384] [blog.views:94] [views:tag] [ERROR]- getPage() takes exactly 2 arguments (1 given)
2016-11-03 15:58:12,796 [Thread-227:140501238896384] [blog.views:94] [views:tag] [ERROR]- Tag matching query does not exist.
2016-11-03 16:20:26,519 [Thread-5:139914733680384] [blog.views:282] [views:category] [ERROR]- 'Category' object has no attribute 'Category'
2016-11-03 16:37:39,989 [Thread-6:140067303323392] [blog.views:94] [views:tag] [ERROR]- getPage() takes exactly 2 arguments (1 given)
2016-11-04 10:30:45,602 [Thread-23:139916488529664] [blog.views:94] [views:tag] [ERROR]- getPage() takes exactly 2 arguments (1 given)
2016-11-04 13:20:50,990 [Thread-385:140066592646912] [blog.views:88] [views:tag] [ERROR]- getPage() takes exactly 2 arguments (1 given)
2016-11-04 13:21:01,827 [Thread-469:140066584254208] [blog.views:88] [views:tag] [ERROR]- getPage() takes exactly 2 arguments (1 given)
2016-11-04 13:21:04,943 [Thread-472:140066584254208] [blog.views:88] [views:tag] [ERROR]- getPage() takes exactly 2 arguments (1 given)
2016-11-04 13:21:08,340 [Thread-541:140066022205184] [blog.views:88] [views:tag] [ERROR]- getPage() takes exactly 2 arguments (1 given)
2016-11-04 13:21:12,193 [Thread-559:140066584254208] [blog.views:88] [views:tag] [ERROR]- getPage() takes exactly 2 arguments (1 given)
2016-11-04 13:21:15,472 [Thread-573:140064990426880] [blog.views:88] [views:tag] [ERROR]- Tag matching query does not exist.
2016-11-04 13:22:18,475 [Thread-705:140065510512384] [blog.views:221] [views:do_reg] [ERROR]- Reverse for '' with arguments '()' and keyword arguments '{}' not found. 0 pattern(s) tried: []
2016-11-04 13:23:51,790 [Thread-722:140066047383296] [blog.views:253] [views:do_login] [ERROR]- Reverse for '' with arguments '()' and keyword arguments '{}' not found. 0 pattern(s) tried: []
2016-11-04 13:24:27,328 [Thread-729:140066559076096] [blog.views:253] [views:do_login] [ERROR]- Reverse for '' with arguments '()' and keyword arguments '{}' not found. 0 pattern(s) tried: []
2016-11-04 13:29:31,515 [Thread-768:140066567468800] [blog.views:75] [views:archive] [ERROR]- getPage() takes exactly 2 arguments (1 given)
2016-11-04 13:29:42,354 [Thread-770:140066567468800] [blog.views:75] [views:archive] [ERROR]- getPage() takes exactly 2 arguments (1 given)
2016-11-04 13:30:34,769 [Thread-771:140066567468800] [blog.views:88] [views:tag] [ERROR]- getPage() takes exactly 2 arguments (1 given)
2016-11-04 13:30:39,785 [Thread-772:140066567468800] [blog.views:88] [views:tag] [ERROR]- getPage() takes exactly 2 arguments (1 given)
